Connecting to database specified by database.yml
Connecting to database specified by database.yml
Connecting to database specified by database.yml
Connecting to database specified by database.yml
Connecting to database specified by database.yml
Connecting to database specified by database.yml
Connecting to database specified by database.yml
  [1m[36m (21.2ms)[0m  [1mCREATE TABLE "schema_migrations" ("version" character varying(255) NOT NULL) [0m
  [1m[35m (2.2ms)[0m  CREATE UNIQUE INDEX "unique_schema_migrations" ON "schema_migrations" ("version")
  [1m[36m (0.2ms)[0m  [1mSELECT "schema_migrations"."version" FROM "schema_migrations" [0m
Migrating to CreateUsers (20140501192212)
  [1m[35m (0.1ms)[0m  BEGIN
  [1m[36m (21.3ms)[0m  [1mCREATE TABLE "users" ("id" serial primary key, "name" character varying(255), "street" character varying(255), "city" character varying(255), "state" character varying(255), "zip" character varying(255), "email" character varying(255), "tagline" character varying(255), "description" text, "latitude" float, "longitude" float, "created_at" timestamp NOT NULL, "updated_at" timestamp NOT NULL) [0m
  [1m[35m (0.7ms)[0m  INSERT INTO "schema_migrations" ("version") VALUES ('20140501192212')
  [1m[36m (0.7ms)[0m  [1mCOMMIT[0m
Migrating to CreateSkills (20140501192228)
  [1m[35m (0.2ms)[0m  BEGIN
  [1m[36m (2.4ms)[0m  [1mCREATE TABLE "skills" ("id" serial primary key, "name" character varying(255), "category_id" integer) [0m
  [1m[35m (0.2ms)[0m  INSERT INTO "schema_migrations" ("version") VALUES ('20140501192228')
  [1m[36m (0.7ms)[0m  [1mCOMMIT[0m
Migrating to CreateInterests (20140501192247)
  [1m[35m (0.2ms)[0m  BEGIN
  [1m[36m (2.0ms)[0m  [1mCREATE TABLE "interests" ("id" serial primary key, "name" character varying(255), "category_id" integer) [0m
  [1m[35m (0.2ms)[0m  INSERT INTO "schema_migrations" ("version") VALUES ('20140501192247')
  [1m[36m (0.7ms)[0m  [1mCOMMIT[0m
Migrating to CreateCategories (20140501192256)
  [1m[35m (0.2ms)[0m  BEGIN
  [1m[36m (2.6ms)[0m  [1mCREATE TABLE "categories" ("id" serial primary key, "name" character varying(255)) [0m
  [1m[35m (0.2ms)[0m  INSERT INTO "schema_migrations" ("version") VALUES ('20140501192256')
  [1m[36m (0.6ms)[0m  [1mCOMMIT[0m
Migrating to CreateUserSkills (20140501192310)
  [1m[35m (0.2ms)[0m  BEGIN
  [1m[36m (2.9ms)[0m  [1mCREATE TABLE "user_skills" ("id" serial primary key, "user_id" integer, "skill_id" integer) [0m
  [1m[35m (0.1ms)[0m  INSERT INTO "schema_migrations" ("version") VALUES ('20140501192310')
  [1m[36m (0.6ms)[0m  [1mCOMMIT[0m
Migrating to CreateUserInterests (20140501192317)
  [1m[35m (0.2ms)[0m  BEGIN
  [1m[36m (1.9ms)[0m  [1mCREATE TABLE "user_interests" ("id" serial primary key, "user_id" integer, "interest_id" integer) [0m
  [1m[35m (0.2ms)[0m  INSERT INTO "schema_migrations" ("version") VALUES ('20140501192317')
  [1m[36m (0.6ms)[0m  [1mCOMMIT[0m
  [1m[35m (0.3ms)[0m  SELECT "schema_migrations"."version" FROM "schema_migrations" 
Connecting to database specified by database.yml
  [1m[36m (0.3ms)[0m  [1mSELECT "schema_migrations"."version" FROM "schema_migrations" [0m
  [1m[35m (146.3ms)[0m  DROP DATABASE IF EXISTS "epicswap_test"
  [1m[36m (302.1ms)[0m  [1mCREATE DATABASE "epicswap_test" ENCODING = 'utf8'[0m
  [1m[35m (5.0ms)[0m  CREATE TABLE "categories" ("id" serial primary key, "name" character varying(255)) 
  [1m[36m (2.4ms)[0m  [1mCREATE TABLE "interests" ("id" serial primary key, "name" character varying(255), "category_id" integer) [0m
  [1m[35m (2.6ms)[0m  CREATE TABLE "skills" ("id" serial primary key, "name" character varying(255), "category_id" integer) 
  [1m[36m (2.7ms)[0m  [1mCREATE TABLE "user_interests" ("id" serial primary key, "user_id" integer, "interest_id" integer) [0m
  [1m[35m (3.3ms)[0m  CREATE TABLE "user_skills" ("id" serial primary key, "user_id" integer, "skill_id" integer) 
  [1m[36m (3.9ms)[0m  [1mCREATE TABLE "users" ("id" serial primary key, "name" character varying(255), "street" character varying(255), "city" character varying(255), "state" character varying(255), "zip" character varying(255), "email" character varying(255), "tagline" character varying(255), "description" text, "latitude" float, "longitude" float, "created_at" timestamp NOT NULL, "updated_at" timestamp NOT NULL) [0m
  [1m[35m (1.0ms)[0m  CREATE TABLE "schema_migrations" ("version" character varying(255) NOT NULL) 
  [1m[36m (2.2ms)[0m  [1mCREATE UNIQUE INDEX "unique_schema_migrations" ON "schema_migrations" ("version")[0m
  [1m[35m (0.2ms)[0m  SELECT version FROM "schema_migrations"
  [1m[36m (0.8ms)[0m  [1mINSERT INTO "schema_migrations" (version) VALUES ('20140501192317')[0m
  [1m[35m (0.7ms)[0m  INSERT INTO "schema_migrations" (version) VALUES ('20140501192212')
  [1m[36m (0.6ms)[0m  [1mINSERT INTO "schema_migrations" (version) VALUES ('20140501192228')[0m
  [1m[35m (0.5ms)[0m  INSERT INTO "schema_migrations" (version) VALUES ('20140501192247')
  [1m[36m (0.5ms)[0m  [1mINSERT INTO "schema_migrations" (version) VALUES ('20140501192256')[0m
  [1m[35m (0.5ms)[0m  INSERT INTO "schema_migrations" (version) VALUES ('20140501192310')
Connecting to database specified by database.yml


Started GET "/assets/rails.png" for 127.0.0.1 at 2014-05-01 14:06:04 -0700
Served asset /rails.png - 304 Not Modified (16ms)


Started GET "/" for 127.0.0.1 at 2014-05-01 14:06:14 -0700
Processing by UsersController#index as HTML
  [1m[36mUser Load (0.4ms)[0m  [1mSELECT "users".* FROM "users" [0m
  Rendered users/index.html.erb within layouts/application (42.7ms)
Compiled application.css  (0ms)  (pid 4310)
Compiled jquery.js  (1ms)  (pid 4310)
Compiled jquery_ujs.js  (0ms)  (pid 4310)
Compiled application.js  (32ms)  (pid 4310)
Completed 200 OK in 204ms (Views: 155.7ms | ActiveRecord: 8.1ms)


Started GET "/assets/jquery.js?body=1" for 127.0.0.1 at 2014-05-01 14:06:15 -0700
Served asset /jquery.js - 304 Not Modified (11ms)


Started GET "/assets/application.js?body=1" for 127.0.0.1 at 2014-05-01 14:06:15 -0700
Served asset /application.js - 200 OK (6ms)


Started GET "/assets/jquery_ujs.js?body=1" for 127.0.0.1 at 2014-05-01 14:06:15 -0700
Served asset /jquery_ujs.js - 304 Not Modified (1ms)


Started GET "/assets/application.css?body=1" for 127.0.0.1 at 2014-05-01 14:06:15 -0700
Served asset /application.css - 304 Not Modified (2ms)


Started GET "/" for 127.0.0.1 at 2014-05-01 14:09:32 -0700
Processing by UsersController#index as HTML
  [1m[35mUser Load (0.5ms)[0m  SELECT "users".* FROM "users" 
  Rendered users/index.html.erb within layouts/application (0.0ms)
Completed 200 OK in 12ms (Views: 3.5ms | ActiveRecord: 6.7ms)


Started GET "/assets/application.css?body=1" for 127.0.0.1 at 2014-05-01 14:09:32 -0700
Served asset /application.css - 304 Not Modified (0ms)


Started GET "/assets/jquery.js?body=1" for 127.0.0.1 at 2014-05-01 14:09:32 -0700
Served asset /jquery.js - 304 Not Modified (0ms)


Started GET "/assets/application.js?body=1" for 127.0.0.1 at 2014-05-01 14:09:32 -0700
Served asset /application.js - 304 Not Modified (0ms)


Started GET "/assets/jquery_ujs.js?body=1" for 127.0.0.1 at 2014-05-01 14:09:32 -0700
Served asset /jquery_ujs.js - 304 Not Modified (0ms)
